<?xml version="1.0" encoding="UTF-8"?>
<testng-results skipped="0" failed="0" ignored="0" total="10" passed="10">
  <reporter-output>
  </reporter-output>
  <suite name="Default suite" duration-ms="17112" started-at="2018-06-26T19:59:25Z" finished-at="2018-06-26T19:59:43Z">
    <groups>
    </groups>
    <test name="Default test" duration-ms="17112" started-at="2018-06-26T19:59:25Z" finished-at="2018-06-26T19:59:43Z">
      <class name="com.cybertek.MocarooDataValidation">
        <test-method status="PASS" signature="setUp()[pri:0, instance:com.cybertek.MocarooDataValidation@6a4f787b]" name="setUp" is-config="true" duration-ms="9969" started-at="2018-06-26T19:59:25Z" finished-at="2018-06-26T19:59:35Z">
          <reporter-output>
          </reporter-output>
        </test-method> <!-- setUp -->
        <test-method status="PASS" signature="addAnotherFieldCheck()[pri:0, instance:com.cybertek.MocarooDataValidation@6a4f787b]" name="addAnotherFieldCheck" duration-ms="63" started-at="2018-06-26T19:59:35Z" finished-at="2018-06-26T19:59:35Z">
          <reporter-output>
          </reporter-output>
        </test-method> <!-- addAnotherFieldCheck -->
        <test-method status="PASS" signature="closeUp()[pri:0, instance:com.cybertek.MocarooDataValidation@6a4f787b]" name="closeUp" duration-ms="14" started-at="2018-06-26T19:59:35Z" finished-at="2018-06-26T19:59:36Z">
          <reporter-output>
          </reporter-output>
        </test-method> <!-- closeUp -->
        <test-method status="PASS" signature="defaultHeaderBOMCheck()[pri:0, instance:com.cybertek.MocarooDataValidation@6a4f787b]" name="defaultHeaderBOMCheck" duration-ms="169" started-at="2018-06-26T19:59:36Z" finished-at="2018-06-26T19:59:36Z">
          <reporter-output>
          </reporter-output>
        </test-method> <!-- defaultHeaderBOMCheck -->
        <test-method status="PASS" signature="defaultLineEndingCheck()[pri:0, instance:com.cybertek.MocarooDataValidation@6a4f787b]" name="defaultLineEndingCheck" duration-ms="71" started-at="2018-06-26T19:59:36Z" finished-at="2018-06-26T19:59:36Z">
          <reporter-output>
          </reporter-output>
        </test-method> <!-- defaultLineEndingCheck -->
        <test-method status="PASS" signature="defaultNumberOfRowsCheck()[pri:0, instance:com.cybertek.MocarooDataValidation@6a4f787b]" name="defaultNumberOfRowsCheck" duration-ms="45" started-at="2018-06-26T19:59:36Z" finished-at="2018-06-26T19:59:36Z">
          <reporter-output>
          </reporter-output>
        </test-method> <!-- defaultNumberOfRowsCheck -->
        <test-method status="PASS" signature="defaultSelectionFormatCheck()[pri:0, instance:com.cybertek.MocarooDataValidation@6a4f787b]" name="defaultSelectionFormatCheck" duration-ms="72" started-at="2018-06-26T19:59:36Z" finished-at="2018-06-26T19:59:36Z">
          <reporter-output>
          </reporter-output>
        </test-method> <!-- defaultSelectionFormatCheck -->
        <test-method status="PASS" signature="firstRowMatchChek()[pri:0, instance:com.cybertek.MocarooDataValidation@6a4f787b]" name="firstRowMatchChek" duration-ms="6227" started-at="2018-06-26T19:59:36Z" finished-at="2018-06-26T19:59:42Z">
          <reporter-output>
          </reporter-output>
        </test-method> <!-- firstRowMatchChek -->
        <test-method status="PASS" signature="labelsCheck()[pri:0, instance:com.cybertek.MocarooDataValidation@6a4f787b]" name="labelsCheck" duration-ms="285" started-at="2018-06-26T19:59:42Z" finished-at="2018-06-26T19:59:42Z">
          <reporter-output>
          </reporter-output>
        </test-method> <!-- labelsCheck -->
        <test-method status="PASS" signature="recordsCountCheck()[pri:0, instance:com.cybertek.MocarooDataValidation@6a4f787b]" name="recordsCountCheck" duration-ms="3" started-at="2018-06-26T19:59:42Z" finished-at="2018-06-26T19:59:42Z">
          <reporter-output>
          </reporter-output>
        </test-method> <!-- recordsCountCheck -->
        <test-method status="PASS" signature="titleCheck()[pri:0, instance:com.cybertek.MocarooDataValidation@6a4f787b]" name="titleCheck" duration-ms="148" started-at="2018-06-26T19:59:42Z" finished-at="2018-06-26T19:59:43Z">
          <reporter-output>
          </reporter-output>
        </test-method> <!-- titleCheck -->
      </class> <!-- com.cybertek.MocarooDataValidation -->
    </test> <!-- Default test -->
  </suite> <!-- Default suite -->
</testng-results>
